<?xml version="1.0" encoding="UTF-8"?>
<testsuite xmlns:xsi="http://www.w3.org/2001/XMLSchema-instance" xsi:noNamespaceSchemaLocation="https://maven.apache.org/surefire/maven-surefire-plugin/xsd/surefire-test-report-3.0.xsd" version="3.0" name="com.example.onlinetools.controller.HashControllerTest" time="4.863" tests="3" errors="0" skipped="0" failures="1">
  <properties>
[...]
</properties>
  <testcase name="testKeccak256Hash" classname="com.example.onlinetools.controller.HashControllerTest" time="0.754">
    <failure message="Response content expected:&lt;3c6e0b8a9c1528f5b00e573d07e29c52691b49b449dd1c16d502019aa649b6f2&gt; but was:&lt;36f028580bb02cc8272a9a020f4200e346e276ae664e45ee80745574e2f5ab80&gt;" type="java.lang.AssertionError"><![CDATA[java.lang.AssertionError: Response content expected:<3c6e0b8a9c1528f5b00e573d07e29c52691b49b449dd1c16d502019aa649b6f2> but was:<36f028580bb02cc8272a9a020f4200e346e276ae664e45ee80745574e2f5ab80>
	at org.springframework.test.util.AssertionErrors.fail(AssertionErrors.java:59)
	at org.springframework.test.util.AssertionErrors.assertEquals(AssertionErrors.java:122)
	at org.springframework.test.web.servlet.result.ContentResultMatchers.lambda$string$4(ContentResultMatchers.java:148)
	at org.springframework.test.web.servlet.MockMvc$1.andExpect(MockMvc.java:214)
	at com.example.onlinetools.controller.HashControllerTest.testKeccak256Hash(HashControllerTest.java:48)
	at java.base/java.lang.reflect.Method.invoke(Method.java:565)
	at java.base/java.util.ArrayList.forEach(ArrayList.java:1604)
	at java.base/java.util.ArrayList.forEach(ArrayList.java:1604)
]]></failure>
    <system-out><![CDATA[23:15:43.237 [main] INFO org.springframework.test.context.support.AnnotationConfigContextLoaderUtils -- Could not detect default configuration classes for test class [com.example.onlinetools.controller.HashControllerTest]: HashControllerTest does not declare any static, non-private, non-final, nested classes annotated with @Configuration.
23:15:43.454 [main] INFO org.springframework.boot.test.context.SpringBootTestContextBootstrapper -- Found @SpringBootConfiguration com.example.onlinetools.OnlineToolsApplication for test class com.example.onlinetools.controller.HashControllerTest

  .   ____          _            __ _ _
 /\\ / ___'_ __ _ _(_)_ __  __ _ \ \ \ \
( ( )\___ | '_ | '_| | '_ \/ _` | \ \ \ \
 \\/  ___)| |_)| | | | | || (_| |  ) ) ) )
  '  |____| .__|_| |_|_| |_\__, | / / / /
 =========|_|==============|___/=/_/_/_/
 :: Spring Boot ::                (v3.2.5)

2025-06-17T23:15:44.031+07:00  INFO 14268 --- [online-tools] [           main] c.e.o.controller.HashControllerTest      : Starting HashControllerTest using Java 24.0.1 with PID 14268 (started by Ngoc Loc in D:\Documents\7. Repo\online-tools)
2025-06-17T23:15:44.033+07:00  INFO 14268 --- [online-tools] [           main] c.e.o.controller.HashControllerTest      : No active profile set, falling back to 1 default profile: "default"
2025-06-17T23:15:46.845+07:00  INFO 14268 --- [online-tools] [           main] o.s.b.t.m.w.SpringBootMockServletContext : Initializing Spring TestDispatcherServlet ''
2025-06-17T23:15:46.845+07:00  INFO 14268 --- [online-tools] [           main] o.s.t.web.servlet.TestDispatcherServlet  : Initializing Servlet ''
2025-06-17T23:15:46.856+07:00  INFO 14268 --- [online-tools] [           main] o.s.b.a.e.web.EndpointLinksResolver      : Exposing 13 endpoint(s) beneath base path '/actuator'
2025-06-17T23:15:46.875+07:00  INFO 14268 --- [online-tools] [           main] o.s.t.web.servlet.TestDispatcherServlet  : Completed initialization in 29 ms
2025-06-17T23:15:46.950+07:00  INFO 14268 --- [online-tools] [           main] c.e.o.controller.HashControllerTest      : Started HashControllerTest in 3.309 seconds (process running for 4.657)

MockHttpServletRequest:
      HTTP Method = POST
      Request URI = /api/hash/keccak256
       Parameters = {}
          Headers = [Content-Type:"text/plain;charset=UTF-8", Content-Length:"4"]
             Body = test
    Session Attrs = {}

Handler:
             Type = com.example.onlinetools.controller.HashController
           Method = com.example.onlinetools.controller.HashController#keccak256Hash(String)

Async:
    Async started = false
     Async result = null

Resolved Exception:
             Type = null

ModelAndView:
        View name = null
             View = null
            Model = null

FlashMap:
       Attributes = null

MockHttpServletResponse:
           Status = 200
    Error message = null
          Headers = [Content-Type:"text/plain;charset=UTF-8", Content-Length:"64"]
     Content type = text/plain;charset=UTF-8
             Body = 36f028580bb02cc8272a9a020f4200e346e276ae664e45ee80745574e2f5ab80
    Forwarded URL = null
   Redirected URL = null
          Cookies = []
]]></system-out>
    <system-err><![CDATA[WARNING: A Java agent has been loaded dynamically (C:\Users\Ngoc Loc\.m2\repository\net\bytebuddy\byte-buddy-agent\1.14.9\byte-buddy-agent-1.14.9.jar)
WARNING: If a serviceability tool is in use, please run with -XX:+EnableDynamicAgentLoading to hide this warning
WARNING: If a serviceability tool is not in use, please run with -Djdk.instrument.traceUsage for more information
WARNING: Dynamic loading of agents will be disallowed by default in a future release
]]></system-err>
  </testcase>
  <testcase name="testSha256Hash" classname="com.example.onlinetools.controller.HashControllerTest" time="0.016"/>
  <testcase name="testSha512Hash" classname="com.example.onlinetools.controller.HashControllerTest" time="0.011"/>
</testsuite>